2015-10-23 00:36:36 Notice: Strict (2048): Declaration of App\Model\Table\Articlestable::validationDefault() should be compatible with Cake\ORM\Table::validationDefault(Cake\Validation\Validator $validator) in [C:\xampp\htdocs\cake\src\Model\Table\ArticlesTable.php, line 6]
Trace:
Cake\Error\BaseErrorHandler::handleError() - CORE\src\Error\BaseErrorHandler.php, line 138
include - APP/Model\Table\ArticlesTable.php, line 6
Composer\Autoload\includeFile - ROOT\vendor\composer\ClassLoader.php, line 412
Composer\Autoload\ClassLoader::loadClass() - ROOT\vendor\composer\ClassLoader.php, line 301
spl_autoload_call - [internal], line ??
class_exists - [internal], line ??
Cake\Core\App::_classExistsInBase() - CORE\src\Core\App.php, line 87
Cake\Core\App::className() - CORE\src\Core\App.php, line 64
Cake\ORM\Locator\TableLocator::get() - CORE\src\ORM\Locator\TableLocator.php, line 151
Cake\Controller\Controller::loadModel() - CORE\src\Datasource\ModelAwareTrait.php, line 99
Cake\Controller\Controller::__get() - CORE\src\Controller\Controller.php, line 346
App\Controller\ArticlesController::index() - APP/Controller\ArticlesController.php, line 8
Cake\Controller\Controller::invokeAction() - CORE\src\Controller\Controller.php, line 429
Cake\Routing\Dispatcher::_invoke() - CORE\src\Routing\Dispatcher.php, line 114
Cake\Routing\Dispatcher::dispatch() - CORE\src\Routing\Dispatcher.php, line 87
[main] - ROOT\webroot\index.php, line 37



2015-10-23 00:36:54 Notice: Strict (2048): Declaration of App\Model\Table\Articlestable::validationDefault() should be compatible with Cake\ORM\Table::validationDefault(Cake\Validation\Validator $validator) in [C:\xampp\htdocs\cake\src\Model\Table\ArticlesTable.php, line 6]
Trace:
Cake\Error\BaseErrorHandler::handleError() - CORE\src\Error\BaseErrorHandler.php, line 138
include - APP/Model\Table\ArticlesTable.php, line 6
Composer\Autoload\includeFile - ROOT\vendor\composer\ClassLoader.php, line 412
Composer\Autoload\ClassLoader::loadClass() - ROOT\vendor\composer\ClassLoader.php, line 301
spl_autoload_call - [internal], line ??
class_exists - [internal], line ??
Cake\Core\App::_classExistsInBase() - CORE\src\Core\App.php, line 87
Cake\Core\App::className() - CORE\src\Core\App.php, line 64
Cake\ORM\Locator\TableLocator::get() - CORE\src\ORM\Locator\TableLocator.php, line 151
Cake\Controller\Controller::loadModel() - CORE\src\Datasource\ModelAwareTrait.php, line 99
Cake\Controller\Controller::__get() - CORE\src\Controller\Controller.php, line 346
App\Controller\ArticlesController::view() - APP/Controller\ArticlesController.php, line 20
Cake\Controller\Controller::invokeAction() - CORE\src\Controller\Controller.php, line 429
Cake\Routing\Dispatcher::_invoke() - CORE\src\Routing\Dispatcher.php, line 114
Cake\Routing\Dispatcher::dispatch() - CORE\src\Routing\Dispatcher.php, line 87
[main] - ROOT\webroot\index.php, line 37



2015-10-23 00:37:11 Notice: Strict (2048): Declaration of App\Model\Table\Articlestable::validationDefault() should be compatible with Cake\ORM\Table::validationDefault(Cake\Validation\Validator $validator) in [C:\xampp\htdocs\cake\src\Model\Table\ArticlesTable.php, line 6]
Trace:
Cake\Error\BaseErrorHandler::handleError() - CORE\src\Error\BaseErrorHandler.php, line 138
include - APP/Model\Table\ArticlesTable.php, line 6
Composer\Autoload\includeFile - ROOT\vendor\composer\ClassLoader.php, line 412
Composer\Autoload\ClassLoader::loadClass() - ROOT\vendor\composer\ClassLoader.php, line 301
spl_autoload_call - [internal], line ??
class_exists - [internal], line ??
Cake\Core\App::_classExistsInBase() - CORE\src\Core\App.php, line 87
Cake\Core\App::className() - CORE\src\Core\App.php, line 64
Cake\ORM\Locator\TableLocator::get() - CORE\src\ORM\Locator\TableLocator.php, line 151
Cake\Controller\Controller::loadModel() - CORE\src\Datasource\ModelAwareTrait.php, line 99
Cake\Controller\Controller::__get() - CORE\src\Controller\Controller.php, line 346
App\Controller\ArticlesController::view() - APP/Controller\ArticlesController.php, line 20
Cake\Controller\Controller::invokeAction() - CORE\src\Controller\Controller.php, line 429
Cake\Routing\Dispatcher::_invoke() - CORE\src\Routing\Dispatcher.php, line 114
Cake\Routing\Dispatcher::dispatch() - CORE\src\Routing\Dispatcher.php, line 87
[main] - ROOT\webroot\index.php, line 37



2015-10-29 18:57:29 Notice: Notice (8): Undefined variable: articles in [C:\xampp\htdocs\cake\src\Template\Users\index.ctp, line 12]
Trace:
Cake\Error\BaseErrorHandler::handleError() - CORE\src\Error\BaseErrorHandler.php, line 138
include - APP/Template\Users\index.ctp, line 12
Cake\View\View::_evaluate() - CORE\src\View\View.php, line 970
Cake\View\View::_render() - CORE\src\View\View.php, line 930
Cake\View\View::render() - CORE\src\View\View.php, line 578
Cake\Controller\Controller::render() - CORE\src\Controller\Controller.php, line 611
Cake\Routing\Dispatcher::_invoke() - CORE\src\Routing\Dispatcher.php, line 120
Cake\Routing\Dispatcher::dispatch() - CORE\src\Routing\Dispatcher.php, line 87
[main] - ROOT\webroot\index.php, line 37



2015-11-11 03:39:05 Notice: Notice (8): Undefined variable: value in [C:\xampp\htdocs\cakephp\src\Template\Orders\index.ctp, line 13]
Trace:
Cake\Error\BaseErrorHandler::handleError() - CORE\src\Error\BaseErrorHandler.php, line 138
include - APP/Template\Orders\index.ctp, line 13
Cake\View\View::_evaluate() - CORE\src\View\View.php, line 970
Cake\View\View::_render() - CORE\src\View\View.php, line 930
Cake\View\View::render() - CORE\src\View\View.php, line 578
Cake\Controller\Controller::render() - CORE\src\Controller\Controller.php, line 611
Cake\Routing\Dispatcher::_invoke() - CORE\src\Routing\Dispatcher.php, line 120
Cake\Routing\Dispatcher::dispatch() - CORE\src\Routing\Dispatcher.php, line 87
[main] - ROOT\webroot\index.php, line 37



2015-11-11 03:41:15 Notice: Notice (8): Undefined variable: value in [C:\xampp\htdocs\cakephp\src\Template\Orders\index.ctp, line 13]
Trace:
Cake\Error\BaseErrorHandler::handleError() - CORE\src\Error\BaseErrorHandler.php, line 138
include - APP/Template\Orders\index.ctp, line 13
Cake\View\View::_evaluate() - CORE\src\View\View.php, line 970
Cake\View\View::_render() - CORE\src\View\View.php, line 930
Cake\View\View::render() - CORE\src\View\View.php, line 578
Cake\Controller\Controller::render() - CORE\src\Controller\Controller.php, line 611
Cake\Routing\Dispatcher::_invoke() - CORE\src\Routing\Dispatcher.php, line 120
Cake\Routing\Dispatcher::dispatch() - CORE\src\Routing\Dispatcher.php, line 87
[main] - ROOT\webroot\index.php, line 37



2015-11-11 03:42:10 Notice: Notice (8): Undefined variable: order in [C:\xampp\htdocs\cakephp\src\Template\Orders\index.ctp, line 13]
Trace:
Cake\Error\BaseErrorHandler::handleError() - CORE\src\Error\BaseErrorHandler.php, line 138
include - APP/Template\Orders\index.ctp, line 13
Cake\View\View::_evaluate() - CORE\src\View\View.php, line 970
Cake\View\View::_render() - CORE\src\View\View.php, line 930
Cake\View\View::render() - CORE\src\View\View.php, line 578
Cake\Controller\Controller::render() - CORE\src\Controller\Controller.php, line 611
Cake\Routing\Dispatcher::_invoke() - CORE\src\Routing\Dispatcher.php, line 120
Cake\Routing\Dispatcher::dispatch() - CORE\src\Routing\Dispatcher.php, line 87
[main] - ROOT\webroot\index.php, line 37



2015-11-11 05:01:17 Notice: Notice (8): Undefined variable: customers in [C:\xampp\htdocs\cakephp\src\Template\Orders\add.ctp, line 3]
Trace:
Cake\Error\BaseErrorHandler::handleError() - CORE\src\Error\BaseErrorHandler.php, line 138
include - APP/Template\Orders\add.ctp, line 3
Cake\View\View::_evaluate() - CORE\src\View\View.php, line 970
Cake\View\View::_render() - CORE\src\View\View.php, line 930
Cake\View\View::render() - CORE\src\View\View.php, line 578
Cake\Controller\Controller::render() - CORE\src\Controller\Controller.php, line 611
Cake\Routing\Dispatcher::_invoke() - CORE\src\Routing\Dispatcher.php, line 120
Cake\Routing\Dispatcher::dispatch() - CORE\src\Routing\Dispatcher.php, line 87
[main] - ROOT\webroot\index.php, line 37



2015-11-11 05:19:42 Notice: Notice (8): Undefined variable: ordersId in [C:\xampp\htdocs\cakephp\src\Controller\OrdersController.php, line 120]
Trace:
Cake\Error\BaseErrorHandler::handleError() - CORE\src\Error\BaseErrorHandler.php, line 138
App\Controller\OrdersController::isAuthorized() - APP/Controller\OrdersController.php, line 120
Cake\Auth\ControllerAuthorize::authorize() - CORE\src\Auth\ControllerAuthorize.php, line 92
Cake\Controller\Component\AuthComponent::isAuthorized() - CORE\src\Controller\Component\AuthComponent.php, line 494
Cake\Controller\Component\AuthComponent::authCheck() - CORE\src\Controller\Component\AuthComponent.php, line 305
Cake\Controller\Component\AuthComponent::startup() - CORE\src\Controller\Component\AuthComponent.php, line 258
Cake\Event\EventManager::_callListener() - CORE\src\Event\EventManager.php, line 385
Cake\Event\EventManager::dispatch() - CORE\src\Event\EventManager.php, line 355
Cake\Controller\Controller::dispatchEvent() - CORE\src\Event\EventDispatcherTrait.php, line 78
Cake\Controller\Controller::startupProcess() - CORE\src\Controller\Controller.php, line 495
Cake\Routing\Dispatcher::_invoke() - CORE\src\Routing\Dispatcher.php, line 109
Cake\Routing\Dispatcher::dispatch() - CORE\src\Routing\Dispatcher.php, line 87
[main] - ROOT\webroot\index.php, line 37



2015-11-11 05:24:38 Notice: Notice (8): Undefined variable: ordersId in [C:\xampp\htdocs\cakephp\src\Controller\OrdersController.php, line 120]
Trace:
Cake\Error\BaseErrorHandler::handleError() - CORE\src\Error\BaseErrorHandler.php, line 138
App\Controller\OrdersController::isAuthorized() - APP/Controller\OrdersController.php, line 120
Cake\Auth\ControllerAuthorize::authorize() - CORE\src\Auth\ControllerAuthorize.php, line 92
Cake\Controller\Component\AuthComponent::isAuthorized() - CORE\src\Controller\Component\AuthComponent.php, line 494
Cake\Controller\Component\AuthComponent::authCheck() - CORE\src\Controller\Component\AuthComponent.php, line 305
Cake\Controller\Component\AuthComponent::startup() - CORE\src\Controller\Component\AuthComponent.php, line 258
Cake\Event\EventManager::_callListener() - CORE\src\Event\EventManager.php, line 385
Cake\Event\EventManager::dispatch() - CORE\src\Event\EventManager.php, line 355
Cake\Controller\Controller::dispatchEvent() - CORE\src\Event\EventDispatcherTrait.php, line 78
Cake\Controller\Controller::startupProcess() - CORE\src\Controller\Controller.php, line 495
Cake\Routing\Dispatcher::_invoke() - CORE\src\Routing\Dispatcher.php, line 109
Cake\Routing\Dispatcher::dispatch() - CORE\src\Routing\Dispatcher.php, line 87
[main] - ROOT\webroot\index.php, line 37



2015-11-11 05:26:30 Notice: Notice (8): Undefined variable: ordersId in [C:\xampp\htdocs\cakephp\src\Controller\OrdersController.php, line 120]
Trace:
Cake\Error\BaseErrorHandler::handleError() - CORE\src\Error\BaseErrorHandler.php, line 138
App\Controller\OrdersController::isAuthorized() - APP/Controller\OrdersController.php, line 120
Cake\Auth\ControllerAuthorize::authorize() - CORE\src\Auth\ControllerAuthorize.php, line 92
Cake\Controller\Component\AuthComponent::isAuthorized() - CORE\src\Controller\Component\AuthComponent.php, line 494
Cake\Controller\Component\AuthComponent::authCheck() - CORE\src\Controller\Component\AuthComponent.php, line 305
Cake\Controller\Component\AuthComponent::startup() - CORE\src\Controller\Component\AuthComponent.php, line 258
Cake\Event\EventManager::_callListener() - CORE\src\Event\EventManager.php, line 385
Cake\Event\EventManager::dispatch() - CORE\src\Event\EventManager.php, line 355
Cake\Controller\Controller::dispatchEvent() - CORE\src\Event\EventDispatcherTrait.php, line 78
Cake\Controller\Controller::startupProcess() - CORE\src\Controller\Controller.php, line 495
Cake\Routing\Dispatcher::_invoke() - CORE\src\Routing\Dispatcher.php, line 109
Cake\Routing\Dispatcher::dispatch() - CORE\src\Routing\Dispatcher.php, line 87
[main] - ROOT\webroot\index.php, line 37



2015-11-11 05:26:48 Notice: Notice (8): Undefined variable: ordersId in [C:\xampp\htdocs\cakephp\src\Controller\OrdersController.php, line 120]
Trace:
Cake\Error\BaseErrorHandler::handleError() - CORE\src\Error\BaseErrorHandler.php, line 138
App\Controller\OrdersController::isAuthorized() - APP/Controller\OrdersController.php, line 120
Cake\Auth\ControllerAuthorize::authorize() - CORE\src\Auth\ControllerAuthorize.php, line 92
Cake\Controller\Component\AuthComponent::isAuthorized() - CORE\src\Controller\Component\AuthComponent.php, line 494
Cake\Controller\Component\AuthComponent::authCheck() - CORE\src\Controller\Component\AuthComponent.php, line 305
Cake\Controller\Component\AuthComponent::startup() - CORE\src\Controller\Component\AuthComponent.php, line 258
Cake\Event\EventManager::_callListener() - CORE\src\Event\EventManager.php, line 385
Cake\Event\EventManager::dispatch() - CORE\src\Event\EventManager.php, line 355
Cake\Controller\Controller::dispatchEvent() - CORE\src\Event\EventDispatcherTrait.php, line 78
Cake\Controller\Controller::startupProcess() - CORE\src\Controller\Controller.php, line 495
Cake\Routing\Dispatcher::_invoke() - CORE\src\Routing\Dispatcher.php, line 109
Cake\Routing\Dispatcher::dispatch() - CORE\src\Routing\Dispatcher.php, line 87
[main] - ROOT\webroot\index.php, line 37



2015-11-11 15:01:17 Notice: Notice (8): Undefined variable: ordersId in [C:\xampp\htdocs\cakephp\src\Controller\OrdersController.php, line 118]
Trace:
Cake\Error\BaseErrorHandler::handleError() - CORE\src\Error\BaseErrorHandler.php, line 138
App\Controller\OrdersController::isAuthorized() - APP/Controller\OrdersController.php, line 118
Cake\Auth\ControllerAuthorize::authorize() - CORE\src\Auth\ControllerAuthorize.php, line 92
Cake\Controller\Component\AuthComponent::isAuthorized() - CORE\src\Controller\Component\AuthComponent.php, line 494
Cake\Controller\Component\AuthComponent::authCheck() - CORE\src\Controller\Component\AuthComponent.php, line 305
Cake\Controller\Component\AuthComponent::startup() - CORE\src\Controller\Component\AuthComponent.php, line 258
Cake\Event\EventManager::_callListener() - CORE\src\Event\EventManager.php, line 385
Cake\Event\EventManager::dispatch() - CORE\src\Event\EventManager.php, line 355
Cake\Controller\Controller::dispatchEvent() - CORE\src\Event\EventDispatcherTrait.php, line 78
Cake\Controller\Controller::startupProcess() - CORE\src\Controller\Controller.php, line 495
Cake\Routing\Dispatcher::_invoke() - CORE\src\Routing\Dispatcher.php, line 109
Cake\Routing\Dispatcher::dispatch() - CORE\src\Routing\Dispatcher.php, line 87
[main] - ROOT\webroot\index.php, line 37



2015-11-11 15:13:57 Notice: Notice (8): Use of undefined constant total - assumed 'total' in [C:\xampp\htdocs\cakephp\src\Controller\OrdersController.php, line 28]
Trace:
Cake\Error\BaseErrorHandler::handleError() - CORE\src\Error\BaseErrorHandler.php, line 138
App\Controller\OrdersController::add() - APP/Controller\OrdersController.php, line 28
Cake\Controller\Controller::invokeAction() - CORE\src\Controller\Controller.php, line 429
Cake\Routing\Dispatcher::_invoke() - CORE\src\Routing\Dispatcher.php, line 114
Cake\Routing\Dispatcher::dispatch() - CORE\src\Routing\Dispatcher.php, line 87
[main] - ROOT\webroot\index.php, line 37



2015-11-11 15:13:57 Notice: Notice (8): Use of undefined constant total - assumed 'total' in [C:\xampp\htdocs\cakephp\src\Controller\OrdersController.php, line 52]
Trace:
Cake\Error\BaseErrorHandler::handleError() - CORE\src\Error\BaseErrorHandler.php, line 138
App\Controller\OrdersController::add() - APP/Controller\OrdersController.php, line 52
Cake\Controller\Controller::invokeAction() - CORE\src\Controller\Controller.php, line 429
Cake\Routing\Dispatcher::_invoke() - CORE\src\Routing\Dispatcher.php, line 114
Cake\Routing\Dispatcher::dispatch() - CORE\src\Routing\Dispatcher.php, line 87
[main] - ROOT\webroot\index.php, line 37



2015-11-11 15:13:57 Notice: Notice (8): Use of undefined constant total - assumed 'total' in [C:\xampp\htdocs\cakephp\src\Controller\OrdersController.php, line 52]
Trace:
Cake\Error\BaseErrorHandler::handleError() - CORE\src\Error\BaseErrorHandler.php, line 138
App\Controller\OrdersController::add() - APP/Controller\OrdersController.php, line 52
Cake\Controller\Controller::invokeAction() - CORE\src\Controller\Controller.php, line 429
Cake\Routing\Dispatcher::_invoke() - CORE\src\Routing\Dispatcher.php, line 114
Cake\Routing\Dispatcher::dispatch() - CORE\src\Routing\Dispatcher.php, line 87
[main] - ROOT\webroot\index.php, line 37



